NO LOG FILE! - setting up server logging...
[2020-12-09 17:15:58 INFO] Starting Server
[2020-12-09 17:15:58 INFO] Version 1.16.200.2
[2020-12-09 17:15:58 INFO] Session ID c7f5b916-5394-4c0a-8eb5-cbb0a07dfdb8
[2020-12-09 17:15:58 INFO] Level Name: §1M§2u§3n§4d§5o §6- §7P§8a§9r§ac§be§cr§do§es
[2020-12-09 17:15:58 INFO] Game mode: 0 Survival
[2020-12-09 17:15:58 INFO] Difficulty: 1 EASY
[INFO] opening worlds/§1M§2u§3n§4d§5o §6- §7P§8a§9r§ac§be§cr§do§es/db
[INFO] IPv4 supported, port: 19132
[INFO] IPv6 supported, port: 19133
[INFO] IPv4 supported, port: 44457
[INFO] IPv6 supported, port: 57662
[INFO] Server started.
[INFO] Player connected: gorobeta, xuid: 2533274867672998
[INFO] Player disconnected: gorobeta, xuid: 2533274867672998
say Servidor detenido o cerrado (stop.sh called)...
stop
[INFO] Server stop requested.
[INFO] Stopping server...
Quit correctly
